2023-08-16 14:49:42.565 [info] Log level: Info
2023-08-16 14:49:42.565 [info] Validating found git in: "git"
2023-08-16 14:49:42.565 [info] Using git "2.41.0" from "git"
2023-08-16 14:49:42.565 [info] > git rev-parse --show-toplevel [2ms]
2023-08-16 14:49:42.565 [info] > git rev-parse --git-dir --git-common-dir [1ms]
2023-08-16 14:49:42.565 [info] Open repository: /home/natesworks/swiftos
2023-08-16 14:49:42.575 [info] > git config --get commit.template [5ms]
2023-08-16 14:49:42.576 [info] > git rev-parse --show-toplevel [2ms]
2023-08-16 14:49:42.581 [info] > git for-each-ref --format=%(refname)%00%(upstream:short)%00%(objectname)%00%(upstream:track)%00%(upstream:remotename)%00%(upstream:remoteref) refs/heads/main refs/remotes/main [1ms]
2023-08-16 14:49:42.590 [info] > git rev-parse --show-toplevel [1ms]
2023-08-16 14:49:42.593 [info] > git rev-parse --show-toplevel [0ms]
2023-08-16 14:49:42.597 [info] > git status -z -uall [11ms]
2023-08-16 14:49:42.608 [info] > git rev-parse --show-toplevel [11ms]
2023-08-16 14:49:42.610 [info] > git config --get commit.template [2ms]
2023-08-16 14:49:42.650 [info] > git for-each-ref --format=%(refname)%00%(upstream:short)%00%(objectname)%00%(upstream:track)%00%(upstream:remotename)%00%(upstream:remoteref) refs/heads/main refs/remotes/main [36ms]
2023-08-16 14:49:42.654 [info] > git rev-parse --show-toplevel [5ms]
2023-08-16 14:49:42.673 [info] > git status -z -uall [19ms]
2023-08-16 14:49:42.673 [info] > git rev-parse --show-toplevel [12ms]
2023-08-16 14:49:42.683 [info] > git rev-parse --show-toplevel [1ms]
2023-08-16 14:49:42.687 [info] > git rev-parse --show-toplevel [0ms]
2023-08-16 14:49:42.691 [info] > git rev-parse --show-toplevel [0ms]
2023-08-16 14:49:42.694 [info] > git rev-parse --show-toplevel [1ms]
2023-08-16 14:49:42.699 [info] > git rev-parse --show-toplevel [0ms]
2023-08-16 14:49:42.702 [info] > git rev-parse --show-toplevel [0ms]
2023-08-16 14:49:42.706 [info] > git rev-parse --show-toplevel [0ms]
2023-08-16 14:49:42.709 [info] > git rev-parse --show-toplevel [1ms]
2023-08-16 14:49:42.712 [info] > git rev-parse --show-toplevel [1ms]
2023-08-16 14:49:42.717 [info] > git rev-parse --show-toplevel [1ms]
2023-08-16 14:49:42.721 [info] > git rev-parse --show-toplevel [0ms]
2023-08-16 14:49:42.724 [info] > git rev-parse --show-toplevel [0ms]
2023-08-16 14:49:42.728 [info] > git rev-parse --show-toplevel [0ms]
2023-08-16 14:49:42.733 [info] > git rev-parse --show-toplevel [0ms]
2023-08-16 14:49:42.737 [info] > git rev-parse --show-toplevel [1ms]
2023-08-16 14:49:42.740 [info] > git rev-parse --show-toplevel [0ms]
2023-08-16 14:49:43.082 [info] > git check-ignore -v -z --stdin [2ms]
2023-08-16 14:49:44.083 [info] > git check-ignore -v -z --stdin [1ms]
2023-08-16 14:49:46.990 [info] > git check-ignore -v -z --stdin [1ms]
2023-08-16 14:49:48.419 [info] > git check-ignore -v -z --stdin [1ms]
2023-08-16 14:49:50.244 [info] > git check-ignore -v -z --stdin [1ms]
2023-08-16 14:49:52.561 [info] > git check-ignore -v -z --stdin [1ms]
2023-08-16 14:49:55.324 [info] > git config --get commit.template [3ms]
2023-08-16 14:49:55.325 [info] > git for-each-ref --format=%(refname)%00%(upstream:short)%00%(objectname)%00%(upstream:track)%00%(upstream:remotename)%00%(upstream:remoteref) refs/heads/main refs/remotes/main [1ms]
2023-08-16 14:49:55.336 [info] > git status -z -uall [8ms]
2023-08-16 14:50:00.345 [info] > git config --get commit.template [0ms]
2023-08-16 14:50:00.348 [info] > git for-each-ref --format=%(refname)%00%(upstream:short)%00%(objectname)%00%(upstream:track)%00%(upstream:remotename)%00%(upstream:remoteref) refs/heads/main refs/remotes/main [0ms]
2023-08-16 14:50:00.359 [info] > git status -z -uall [7ms]
2023-08-16 14:50:03.444 [info] > git check-ignore -v -z --stdin [1ms]
2023-08-16 14:50:05.369 [info] > git config --get commit.template [3ms]
2023-08-16 14:50:05.369 [info] > git for-each-ref --format=%(refname)%00%(upstream:short)%00%(objectname)%00%(upstream:track)%00%(upstream:remotename)%00%(upstream:remoteref) refs/heads/main refs/remotes/main [1ms]
2023-08-16 14:50:05.380 [info] > git status -z -uall [8ms]
2023-08-16 14:50:05.499 [info] > git check-ignore -v -z --stdin [16ms]
2023-08-16 14:50:09.775 [info] > git check-ignore -v -z --stdin [1ms]
2023-08-16 14:50:10.390 [info] > git config --get commit.template [1ms]
2023-08-16 14:50:10.393 [info] > git for-each-ref --format=%(refname)%00%(upstream:short)%00%(objectname)%00%(upstream:track)%00%(upstream:remotename)%00%(upstream:remoteref) refs/heads/main refs/remotes/main [1ms]
2023-08-16 14:50:10.404 [info] > git status -z -uall [8ms]
2023-08-16 14:50:11.284 [info] > git check-ignore -v -z --stdin [1ms]
2023-08-16 14:50:12.674 [info] > git check-ignore -v -z --stdin [1ms]
2023-08-16 14:50:15.329 [info] > git check-ignore -v -z --stdin [1ms]
2023-08-16 14:50:15.414 [info] > git config --get commit.template [3ms]
2023-08-16 14:50:15.414 [info] > git for-each-ref --format=%(refname)%00%(upstream:short)%00%(objectname)%00%(upstream:track)%00%(upstream:remotename)%00%(upstream:remoteref) refs/heads/main refs/remotes/main [0ms]
2023-08-16 14:50:15.424 [info] > git status -z -uall [7ms]
2023-08-16 14:50:20.435 [info] > git config --get commit.template [3ms]
2023-08-16 14:50:20.435 [info] > git for-each-ref --format=%(refname)%00%(upstream:short)%00%(objectname)%00%(upstream:track)%00%(upstream:remotename)%00%(upstream:remoteref) refs/heads/main refs/remotes/main [0ms]
2023-08-16 14:50:20.446 [info] > git status -z -uall [8ms]
2023-08-16 14:50:25.455 [info] > git config --get commit.template [3ms]
2023-08-16 14:50:25.456 [info] > git for-each-ref --format=%(refname)%00%(upstream:short)%00%(objectname)%00%(upstream:track)%00%(upstream:remotename)%00%(upstream:remoteref) refs/heads/main refs/remotes/main [1ms]
2023-08-16 14:50:25.466 [info] > git status -z -uall [8ms]
2023-08-16 14:50:27.145 [info] > git check-ignore -v -z --stdin [2ms]
2023-08-16 14:50:30.477 [info] > git config --get commit.template [3ms]
2023-08-16 14:50:30.477 [info] > git for-each-ref --format=%(refname)%00%(upstream:short)%00%(objectname)%00%(upstream:track)%00%(upstream:remotename)%00%(upstream:remoteref) refs/heads/main refs/remotes/main [1ms]
2023-08-16 14:50:30.488 [info] > git status -z -uall [8ms]
2023-08-16 14:50:39.707 [info] > git config --get commit.template [4ms]
2023-08-16 14:50:39.707 [info] > git for-each-ref --format=%(refname)%00%(upstream:short)%00%(objectname)%00%(upstream:track)%00%(upstream:remotename)%00%(upstream:remoteref) refs/heads/main refs/remotes/main [1ms]
2023-08-16 14:50:39.718 [info] > git status -z -uall [8ms]
2023-08-16 14:50:44.729 [info] > git config --get commit.template [4ms]
2023-08-16 14:50:44.729 [info] > git for-each-ref --format=%(refname)%00%(upstream:short)%00%(objectname)%00%(upstream:track)%00%(upstream:remotename)%00%(upstream:remoteref) refs/heads/main refs/remotes/main [1ms]
2023-08-16 14:50:44.739 [info] > git status -z -uall [7ms]
2023-08-16 14:50:45.803 [info] > git check-ignore -v -z --stdin [1ms]
2023-08-16 14:50:48.481 [info] > git show --textconv :airootfs/etc/calamares/modules/bootloader.conf [4ms]
2023-08-16 14:50:48.482 [info] > git ls-files --stage -- /home/natesworks/swiftos/airootfs/etc/calamares/modules/bootloader.conf [1ms]
2023-08-16 14:50:48.486 [info] > git cat-file -s 707181bcefb317e67fd05ac055cb7c40006039ea [1ms]
2023-08-16 14:50:49.230 [info] > git check-ignore -v -z --stdin [1ms]
2023-08-16 14:50:49.750 [info] > git config --get commit.template [5ms]
2023-08-16 14:50:49.751 [info] > git for-each-ref --format=%(refname)%00%(upstream:short)%00%(objectname)%00%(upstream:track)%00%(upstream:remotename)%00%(upstream:remoteref) refs/heads/main refs/remotes/main [1ms]
2023-08-16 14:50:49.761 [info] > git status -z -uall [7ms]
2023-08-16 14:50:50.490 [info] > git check-ignore -v -z --stdin [1ms]
2023-08-16 14:50:51.270 [info] > git show --textconv :airootfs/etc/calamares/modules/CMakeLists.txt [4ms]
2023-08-16 14:50:51.271 [info] > git ls-files --stage -- /home/natesworks/swiftos/airootfs/etc/calamares/modules/CMakeLists.txt [1ms]
2023-08-16 14:50:51.276 [info] > git cat-file -s 03384105ecad04ef73939ce46e53dc6da5d3ada9 [1ms]
2023-08-16 14:50:51.823 [info] > git show --textconv :airootfs/etc/calamares/modules/contextualprocess.conf [4ms]
2023-08-16 14:50:51.823 [info] > git ls-files --stage -- /home/natesworks/swiftos/airootfs/etc/calamares/modules/contextualprocess.conf [1ms]
2023-08-16 14:50:51.827 [info] > git cat-file -s b86fd922ceadabf1f90ab3ccbbd38770bd912065 [1ms]
2023-08-16 14:50:52.546 [info] > git show --textconv :airootfs/etc/calamares/modules/dummycpp.conf [4ms]
2023-08-16 14:50:52.547 [info] > git ls-files --stage -- /home/natesworks/swiftos/airootfs/etc/calamares/modules/dummycpp.conf [2ms]
2023-08-16 14:50:52.552 [info] > git cat-file -s b00a4282538137e8cd9254c37c6482f9c237964c [2ms]
2023-08-16 14:50:54.330 [info] > git show --textconv :airootfs/etc/calamares/modules/dummypython.conf [5ms]
2023-08-16 14:50:54.331 [info] > git ls-files --stage -- /home/natesworks/swiftos/airootfs/etc/calamares/modules/dummypython.conf [1ms]
2023-08-16 14:50:54.337 [info] > git cat-file -s 6ea50c5d12d17d69b1dcf6e994e0a13aeb9c9e19 [2ms]
2023-08-16 14:50:54.772 [info] > git config --get commit.template [4ms]
2023-08-16 14:50:54.772 [info] > git for-each-ref --format=%(refname)%00%(upstream:short)%00%(objectname)%00%(upstream:track)%00%(upstream:remotename)%00%(upstream:remoteref) refs/heads/main refs/remotes/main [1ms]
2023-08-16 14:50:54.782 [info] > git status -z -uall [7ms]
2023-08-16 14:50:55.105 [info] > git show --textconv :airootfs/etc/calamares/modules/dummypythonqt.conf [4ms]
2023-08-16 14:50:55.106 [info] > git ls-files --stage -- /home/natesworks/swiftos/airootfs/etc/calamares/modules/dummypythonqt.conf [1ms]
2023-08-16 14:50:55.109 [info] > git cat-file -s 6caf9cc186960e7a622abc12d1f6c82b9420e87b [0ms]
2023-08-16 14:50:56.154 [info] > git show --textconv :airootfs/etc/calamares/modules/finished.conf [4ms]
2023-08-16 14:50:56.155 [info] > git ls-files --stage -- /home/natesworks/swiftos/airootfs/etc/calamares/modules/finished.conf [1ms]
2023-08-16 14:50:56.159 [info] > git cat-file -s 7abfb36f15ca0255f8ab02091e4194b3377b730b [1ms]
2023-08-16 14:50:58.912 [info] > git show --textconv :airootfs/etc/calamares/modules/fsresizer.conf [5ms]
2023-08-16 14:50:58.913 [info] > git ls-files --stage -- /home/natesworks/swiftos/airootfs/etc/calamares/modules/fsresizer.conf [2ms]
2023-08-16 14:50:58.917 [info] > git cat-file -s e58c39822ffc12a104de459bebbcadecddcd49cc [1ms]
2023-08-16 14:50:59.791 [info] > git config --get commit.template [1ms]
2023-08-16 14:50:59.794 [info] > git for-each-ref --format=%(refname)%00%(upstream:short)%00%(objectname)%00%(upstream:track)%00%(upstream:remotename)%00%(upstream:remoteref) refs/heads/main refs/remotes/main [1ms]
2023-08-16 14:50:59.804 [info] > git status -z -uall [8ms]
2023-08-16 14:51:01.406 [info] > git check-ignore -v -z --stdin [1ms]
2023-08-16 14:51:01.642 [info] > git show --textconv :airootfs/etc/calamares/modules/grubcfg.conf [4ms]
2023-08-16 14:51:01.642 [info] > git ls-files --stage -- /home/natesworks/swiftos/airootfs/etc/calamares/modules/grubcfg.conf [0ms]
2023-08-16 14:51:01.646 [info] > git cat-file -s 33c2a72ab681bb8a297f78600bed029554d63b92 [1ms]
2023-08-16 14:51:11.056 [info] > git config --get commit.template [5ms]
2023-08-16 14:51:11.056 [info] > git for-each-ref --format=%(refname)%00%(upstream:short)%00%(objectname)%00%(upstream:track)%00%(upstream:remotename)%00%(upstream:remoteref) refs/heads/main refs/remotes/main [1ms]
2023-08-16 14:51:11.068 [info] > git status -z -uall [7ms]
2023-08-16 14:51:14.596 [info] > git ls-files --stage -- /home/natesworks/swiftos/airootfs/etc/calamares/modules/initcpio.conf [3ms]
2023-08-16 14:51:14.604 [info] > git show --textconv :airootfs/etc/calamares/modules/initcpio.conf [19ms]
2023-08-16 14:51:14.605 [info] > git cat-file -s b9366f892c53130dc5ba15e225156fc403161146 [2ms]
2023-08-16 14:51:15.957 [info] > git check-ignore -v -z --stdin [1ms]
2023-08-16 14:51:16.079 [info] > git config --get commit.template [4ms]
2023-08-16 14:51:16.079 [info] > git for-each-ref --format=%(refname)%00%(upstream:short)%00%(objectname)%00%(upstream:track)%00%(upstream:remotename)%00%(upstream:remoteref) refs/heads/main refs/remotes/main [0ms]
2023-08-16 14:51:16.089 [info] > git status -z -uall [7ms]
2023-08-16 14:51:16.867 [info] > git show --textconv :airootfs/etc/calamares/modules/initramfs.conf [4ms]
2023-08-16 14:51:16.869 [info] > git ls-files --stage -- /home/natesworks/swiftos/airootfs/etc/calamares/modules/initramfs.conf [3ms]
2023-08-16 14:51:16.877 [info] > git cat-file -s c9dcf16971661e2d0d5c82adcbda381e72927644 [2ms]
2023-08-16 14:51:21.793 [info] > git config --get commit.template [4ms]
2023-08-16 14:51:21.793 [info] > git for-each-ref --format=%(refname)%00%(upstream:short)%00%(objectname)%00%(upstream:track)%00%(upstream:remotename)%00%(upstream:remoteref) refs/heads/main refs/remotes/main [0ms]
2023-08-16 14:51:21.805 [info] > git status -z -uall [7ms]
2023-08-16 14:51:23.430 [info] > git show --textconv :airootfs/etc/calamares/modules/keyboard.conf [10ms]
2023-08-16 14:51:23.432 [info] > git ls-files --stage -- /home/natesworks/swiftos/airootfs/etc/calamares/modules/keyboard.conf [2ms]
2023-08-16 14:51:23.441 [info] > git cat-file -s 3b2f3a3129243942bd92f376c99d33012f68510f [3ms]
2023-08-16 14:51:27.057 [info] > git config --get commit.template [0ms]
2023-08-16 14:51:27.063 [info] > git for-each-ref --format=%(refname)%00%(upstream:short)%00%(objectname)%00%(upstream:track)%00%(upstream:remotename)%00%(upstream:remoteref) refs/heads/main refs/remotes/main [1ms]
2023-08-16 14:51:27.076 [info] > git status -z -uall [9ms]
2023-08-16 14:51:31.362 [info] > git show --textconv :airootfs/etc/calamares/modules/license.conf [4ms]
2023-08-16 14:51:31.362 [info] > git ls-files --stage -- /home/natesworks/swiftos/airootfs/etc/calamares/modules/license.conf [1ms]
2023-08-16 14:51:31.366 [info] > git cat-file -s e32d49984f995ab802fe5b1c380e09e5885bafbd [1ms]
2023-08-16 14:51:32.087 [info] > git config --get commit.template [3ms]
2023-08-16 14:51:32.088 [info] > git for-each-ref --format=%(refname)%00%(upstream:short)%00%(objectname)%00%(upstream:track)%00%(upstream:remotename)%00%(upstream:remoteref) refs/heads/main refs/remotes/main [1ms]
2023-08-16 14:51:32.098 [info] > git status -z -uall [7ms]
2023-08-16 14:51:32.392 [info] > git check-ignore -v -z --stdin [1ms]
2023-08-16 14:51:33.259 [info] > git check-ignore -v -z --stdin [1ms]
2023-08-16 14:51:33.948 [info] > git show --textconv :airootfs/etc/calamares/modules/locale.conf [3ms]
2023-08-16 14:51:33.949 [info] > git ls-files --stage -- /home/natesworks/swiftos/airootfs/etc/calamares/modules/locale.conf [1ms]
2023-08-16 14:51:33.953 [info] > git cat-file -s 63dcd085674c065bb9e503b921349639e2cf785e [1ms]
2023-08-16 14:51:39.453 [info] > git check-ignore -v -z --stdin [1ms]
2023-08-16 14:51:41.089 [info] > git config --get commit.template [3ms]
2023-08-16 14:51:41.089 [info] > git for-each-ref --format=%(refname)%00%(upstream:short)%00%(objectname)%00%(upstream:track)%00%(upstream:remotename)%00%(upstream:remoteref) refs/heads/main refs/remotes/main [1ms]
2023-08-16 14:51:41.099 [info] > git status -z -uall [7ms]
2023-08-16 14:51:41.740 [info] > git show --textconv :airootfs/etc/calamares/modules/luksopenswaphookcfg.conf [4ms]
2023-08-16 14:51:41.741 [info] > git ls-files --stage -- /home/natesworks/swiftos/airootfs/etc/calamares/modules/luksopenswaphookcfg.conf [1ms]
2023-08-16 14:51:41.744 [info] > git cat-file -s f1f03bbe4996a4bb9d094964ff44cd34caa8b7e3 [0ms]
2023-08-16 14:51:44.183 [info] > git show --textconv :airootfs/etc/calamares/modules/machineid.conf [3ms]
2023-08-16 14:51:44.183 [info] > git ls-files --stage -- /home/natesworks/swiftos/airootfs/etc/calamares/modules/machineid.conf [1ms]
2023-08-16 14:51:44.188 [info] > git cat-file -s 15e190299c5c595ec1cafc10a21d54d309a6a91a [0ms]
2023-08-16 14:51:46.816 [info] > git show --textconv :airootfs/etc/calamares/modules/mkinitcpio [4ms]
2023-08-16 14:51:46.817 [info] > git ls-files --stage -- /home/natesworks/swiftos/airootfs/etc/calamares/modules/mkinitcpio [1ms]
2023-08-16 14:51:46.822 [info] > git cat-file -s d000412e3a5fd6c4fd589164110429fcca873514 [1ms]
2023-08-16 14:51:47.979 [info] > git for-each-ref --format=%(refname)%00%(upstream:short)%00%(objectname)%00%(upstream:track)%00%(upstream:remotename)%00%(upstream:remoteref) refs/heads/main refs/remotes/main [2ms]
2023-08-16 14:51:47.979 [info] > git config --get commit.template [8ms]
2023-08-16 14:51:47.997 [info] > git status -z -uall [14ms]
2023-08-16 14:51:52.981 [info] > git check-ignore -v -z --stdin [2ms]
2023-08-16 14:51:53.634 [info] > git check-ignore -v -z --stdin [1ms]
2023-08-16 14:52:18.110 [info] > git config --get commit.template [6ms]
2023-08-16 14:52:18.110 [info] > git for-each-ref --format=%(refname)%00%(upstream:short)%00%(objectname)%00%(upstream:track)%00%(upstream:remotename)%00%(upstream:remoteref) refs/heads/main refs/remotes/main [1ms]
2023-08-16 14:52:18.126 [info] > git status -z -uall [10ms]
2023-08-16 14:52:21.301 [info] > git show --textconv :airootfs/etc/calamares/modules/netinstall.conf [9ms]
2023-08-16 14:52:21.303 [info] > git ls-files --stage -- /home/natesworks/swiftos/airootfs/etc/calamares/modules/netinstall.conf [3ms]
2023-08-16 14:52:21.310 [info] > git cat-file -s cc185d71836f4a7ed2fda41ee5561ac505974007 [2ms]
2023-08-16 14:52:23.135 [info] > git config --get commit.template [3ms]
2023-08-16 14:52:23.136 [info] > git for-each-ref --format=%(refname)%00%(upstream:short)%00%(objectname)%00%(upstream:track)%00%(upstream:remotename)%00%(upstream:remoteref) refs/heads/main refs/remotes/main [1ms]
2023-08-16 14:52:23.146 [info] > git status -z -uall [8ms]
2023-08-16 14:52:24.572 [info] > git show --textconv :airootfs/etc/calamares/modules/notesqml.conf [3ms]
2023-08-16 14:52:24.573 [info] > git ls-files --stage -- /home/natesworks/swiftos/airootfs/etc/calamares/modules/notesqml.conf [1ms]
2023-08-16 14:52:24.576 [info] > git cat-file -s c65f988791dc6026f6a62abbefd48b6d8ed5618c [0ms]
2023-08-16 14:52:27.833 [info] > git show --textconv :airootfs/etc/calamares/modules/rawfs.conf [3ms]
2023-08-16 14:52:27.834 [info] > git ls-files --stage -- /home/natesworks/swiftos/airootfs/etc/calamares/modules/rawfs.conf [1ms]
2023-08-16 14:52:27.838 [info] > git cat-file -s bbc36906bb3c892b2153afa442158ccc97d7eae2 [1ms]
2023-08-16 14:52:29.466 [info] > git show --textconv :airootfs/etc/calamares/modules/plasmalnf.conf [3ms]
2023-08-16 14:52:29.467 [info] > git ls-files --stage -- /home/natesworks/swiftos/airootfs/etc/calamares/modules/plasmalnf.conf [1ms]
2023-08-16 14:52:29.471 [info] > git cat-file -s 105f247efd406f591401f74ded98e7370ba1ab0f [1ms]
2023-08-16 14:52:29.940 [info] > git show --textconv :airootfs/etc/calamares/modules/partition.conf [3ms]
2023-08-16 14:52:29.941 [info] > git ls-files --stage -- /home/natesworks/swiftos/airootfs/etc/calamares/modules/partition.conf [1ms]
2023-08-16 14:52:29.944 [info] > git cat-file -s 7ddfdfedab7ed331d435603d8a249f4d9409a5c7 [0ms]
2023-08-16 14:52:31.255 [info] > git show --textconv :airootfs/etc/calamares/modules/packages.conf [3ms]
2023-08-16 14:52:31.256 [info] > git ls-files --stage -- /home/natesworks/swiftos/airootfs/etc/calamares/modules/packages.conf [1ms]
2023-08-16 14:52:31.259 [info] > git cat-file -s d7fbbf1b3feb169a559042eba03d14241e6daded [0ms]
2023-08-16 14:52:32.077 [info] > git config --get commit.template [2ms]
2023-08-16 14:52:32.087 [info] > git for-each-ref --format=%(refname)%00%(upstream:short)%00%(objectname)%00%(upstream:track)%00%(upstream:remotename)%00%(upstream:remoteref) refs/heads/main refs/remotes/main [2ms]
2023-08-16 14:52:32.103 [info] > git show --textconv :airootfs/etc/calamares/modules/packagechooserq.conf [6ms]
2023-08-16 14:52:32.103 [info] > git ls-files --stage -- /home/natesworks/swiftos/airootfs/etc/calamares/modules/packagechooserq.conf [1ms]
2023-08-16 14:52:32.107 [info] > git status -z -uall [16ms]
2023-08-16 14:52:32.110 [info] > git cat-file -s 803c6f6706599bd7d58db81d2e6855cabaeba7ab [3ms]
2023-08-16 14:52:53.620 [info] > git config --get commit.template [1ms]
2023-08-16 14:52:53.627 [info] > git for-each-ref --format=%(refname)%00%(upstream:short)%00%(objectname)%00%(upstream:track)%00%(upstream:remotename)%00%(upstream:remoteref) refs/heads/main refs/remotes/main [1ms]
2023-08-16 14:52:53.641 [info] > git status -z -uall [9ms]
2023-08-16 14:52:56.504 [info] > git show --textconv :airootfs/etc/calamares/modules/welcome.conf [5ms]
2023-08-16 14:52:56.505 [info] > git ls-files --stage -- /home/natesworks/swiftos/airootfs/etc/calamares/modules/welcome.conf [2ms]
2023-08-16 14:52:56.513 [info] > git cat-file -s 6e11817bf06299dcafb965af210c937ca908e125 [1ms]
2023-08-16 14:53:01.766 [info] > git show --textconv :airootfs/etc/calamares/modules/welcomeq.conf [4ms]
2023-08-16 14:53:01.767 [info] > git ls-files --stage -- /home/natesworks/swiftos/airootfs/etc/calamares/modules/welcomeq.conf [1ms]
2023-08-16 14:53:01.771 [info] > git cat-file -s 2efc5147322013878afa3229a949b0ffcd349e02 [1ms]
2023-08-16 14:53:07.584 [info] > git check-ignore -v -z --stdin [1ms]
2023-08-16 14:53:08.047 [info] > git config --get commit.template [3ms]
2023-08-16 14:53:08.048 [info] > git for-each-ref --format=%(refname)%00%(upstream:short)%00%(objectname)%00%(upstream:track)%00%(upstream:remotename)%00%(upstream:remoteref) refs/heads/main refs/remotes/main [1ms]
2023-08-16 14:53:08.058 [info] > git status -z -uall [8ms]
2023-08-16 14:53:08.467 [info] > git show --textconv :grub/grub.cfg [4ms]
2023-08-16 14:53:08.468 [info] > git ls-files --stage -- /home/natesworks/swiftos/grub/grub.cfg [1ms]
2023-08-16 14:53:08.472 [info] > git cat-file -s 53904288453e6e559b290951b95dbf19822db21c [0ms]
2023-08-16 14:53:13.071 [info] > git config --get commit.template [3ms]
2023-08-16 14:53:13.071 [info] > git for-each-ref --format=%(refname)%00%(upstream:short)%00%(objectname)%00%(upstream:track)%00%(upstream:remotename)%00%(upstream:remoteref) refs/heads/main refs/remotes/main [1ms]
2023-08-16 14:53:13.082 [info] > git status -z -uall [8ms]
2023-08-16 14:55:26.233 [info] > git config --get commit.template [1ms]
2023-08-16 14:55:26.239 [info] > git for-each-ref --format=%(refname)%00%(upstream:short)%00%(objectname)%00%(upstream:track)%00%(upstream:remotename)%00%(upstream:remoteref) refs/heads/main refs/remotes/main [1ms]
2023-08-16 14:55:26.254 [info] > git status -z -uall [10ms]
